\BOOKMARK [1][-]{section.1}{Introducci\363n}{}% 1
\BOOKMARK [2][-]{subsection.1.1}{Resumen}{section.1}% 2
\BOOKMARK [2][-]{subsection.1.2}{Objetivos}{section.1}% 3
\BOOKMARK [3][-]{subsubsection.1.2.1}{Objetivos espec\355ficos}{subsection.1.2}% 4
\BOOKMARK [2][-]{subsection.1.3}{Tareas}{section.1}% 5
\BOOKMARK [3][-]{subsubsection.1.3.1}{Modelado conceptual de datos}{subsection.1.3}% 6
\BOOKMARK [3][-]{subsubsection.1.3.2}{Creaci\363n de la base de datos}{subsection.1.3}% 7
\BOOKMARK [3][-]{subsubsection.1.3.3}{Definici\363n de ABMs}{subsection.1.3}% 8
\BOOKMARK [3][-]{subsubsection.1.3.4}{Desarrollo de API }{subsection.1.3}% 9
\BOOKMARK [3][-]{subsubsection.1.3.5}{Instalaci\363n y configuraci\363n de librer\355as}{subsection.1.3}% 10
\BOOKMARK [2][-]{subsection.1.4}{Cronograma}{section.1}% 11
\BOOKMARK [1][-]{section.2}{Desarrollo}{}% 12
\BOOKMARK [2][-]{subsection.2.1}{Introducci\363n Symfony}{section.2}% 13
\BOOKMARK [2][-]{subsection.2.2}{Modelado}{section.2}% 14
\BOOKMARK [3][-]{subsubsection.2.2.1}{Introducci\363n a Doctrine}{subsection.2.2}% 15
\BOOKMARK [3][-]{subsubsection.2.2.2}{Actividad}{subsection.2.2}% 16
\BOOKMARK [3][-]{subsubsection.2.2.3}{Miembro de Proyecto}{subsection.2.2}% 17
\BOOKMARK [3][-]{subsubsection.2.2.4}{Proyecto}{subsection.2.2}% 18
\BOOKMARK [3][-]{subsubsection.2.2.5}{Rol de Proyecto}{subsection.2.2}% 19
\BOOKMARK [2][-]{subsection.2.3}{Definici\363n de ABMs - Clases Admin}{section.2}% 20
\BOOKMARK [3][-]{subsubsection.2.3.1}{ABMs Compuestas}{subsection.2.3}% 21
\BOOKMARK [3][-]{subsubsection.2.3.2}{ABMs Simples y admins hijos}{subsection.2.3}% 22
\BOOKMARK [2][-]{subsection.2.4}{Librer\355as}{section.2}% 23
\BOOKMARK [3][-]{subsubsection.2.4.1}{Instalaci\363n y Configuraci\363n de Sonata-User}{subsection.2.4}% 24
\BOOKMARK [3][-]{subsubsection.2.4.2}{API-Platform}{subsection.2.4}% 25
\BOOKMARK [3][-]{subsubsection.2.4.3}{Guzzle y EightPointsGuzzle}{subsection.2.4}% 26
\BOOKMARK [2][-]{subsection.2.5}{Vista de Persona}{section.2}% 27
\BOOKMARK [3][-]{subsubsection.2.5.1}{Introducci\363n Twig}{subsection.2.5}% 28
\BOOKMARK [3][-]{subsubsection.2.5.2}{Estilo}{subsection.2.5}% 29
\BOOKMARK [3][-]{subsubsection.2.5.3}{Template}{subsection.2.5}% 30
\BOOKMARK [3][-]{subsubsection.2.5.4}{Obtenci\363n de rutas}{subsection.2.5}% 31
\BOOKMARK [2][-]{subsection.2.6}{Integraci\363n}{section.2}% 32
\BOOKMARK [3][-]{subsubsection.2.6.1}{Eventos}{subsection.2.6}% 33
\BOOKMARK [3][-]{subsubsection.2.6.2}{Implementaci\363n}{subsection.2.6}% 34
\BOOKMARK [3][-]{subsubsection.2.6.3}{Rendimiento}{subsection.2.6}% 35
\BOOKMARK [3][-]{subsubsection.2.6.4}{Inserci\363n de Personas}{subsection.2.6}% 36
\BOOKMARK [1][-]{section.3}{Conclusi\363n}{}% 37
\BOOKMARK [1][-]{section.4}{Reflexi\363n}{}% 38
