This is pdfTeX, Version 3.14159265-2.6-1.40.18 (TeX Live 2017/Debian) (preloaded format=pdflatex 2019.11.13)  9 DEC 2019 16:19
entering extended mode
 restricted \write18 enabled.
 %&-line parsing enabled.
**Modelado.tex
(./Modelado.tex
LaTeX2e <2017-04-15>
Babel <3.18> and hyphenation patterns for 6 language(s) loaded.
! Undefined control sequence.
l.2 \subsection
               {Modelado}%
? 
! Emergency stop.
l.2 \subsection
               {Modelado}%
End of file on the terminal!

 
Here is how much of TeX's memory you used:
 5 strings out of 494861
 138 string characters out of 6178803
 46525 words of memory out of 5000000
 3429 multiletter control sequences out of 15000+600000
 3640 words of font info for 14 fonts, out of 8000000 for 9000
 40 hyphenation exceptions out of 8191
 5i,0n,1p,37b,8s stack positions out of 5000i,500n,10000p,200000b,80000s
!  ==> Fatal error occurred, no output PDF file produced!
